
[2023-03-19T14:26:35.791] INFOR - ([DevOpsWebApp.Logging.Logger][RequestLoggingMiddleware.cs:InvokeAsync:37]) [(d6e063af-5e6b-4d9b-9503-2db2604fbc70) - "----- Receiving GET request from Uri: https://localhost:44320//  " "RequestLoggingMiddleware.cs" "InvokeAsync" 37 "d6e063af-5e6b-4d9b-9503-2db2604fbc70"]  
===========================================
[2023-03-19T14:26:37.441] INFOR - ([DevOpsWebApp.Logging.Logger][RequestLoggingMiddleware.cs:HandleResponse:89]) [(d6e063af-5e6b-4d9b-9503-2db2604fbc70) - "----- Response Elapsed time: 5904 ms, Content Type: text/html; charset=utf-8 - Content Length: " "RequestLoggingMiddleware.cs" "HandleResponse" 89 "d6e063af-5e6b-4d9b-9503-2db2604fbc70"]  
===========================================
[2023-03-19T14:26:39.902] INFOR - ([DevOpsWebApp.Logging.Logger][RequestLoggingMiddleware.cs:InvokeAsync:37]) [(54d71bbf-ab69-437a-b165-2aba84e5dc6a) - "----- Receiving GET request from Uri: https://localhost:44320//Home/Privacy  " "RequestLoggingMiddleware.cs" "InvokeAsync" 37 "54d71bbf-ab69-437a-b165-2aba84e5dc6a"]  
===========================================
[2023-03-19T14:26:39.965] INFOR - ([DevOpsWebApp.Logging.Logger][RequestLoggingMiddleware.cs:HandleResponse:89]) [(54d71bbf-ab69-437a-b165-2aba84e5dc6a) - "----- Response Elapsed time: 63 ms, Content Type: text/html; charset=utf-8 - Content Length: " "RequestLoggingMiddleware.cs" "HandleResponse" 89 "54d71bbf-ab69-437a-b165-2aba84e5dc6a"]  
===========================================
[2023-03-19T14:26:40.888] INFOR - ([DevOpsWebApp.Logging.Logger][RequestLoggingMiddleware.cs:InvokeAsync:37]) [(ede26f33-90f5-4b2e-928e-4558893fd8de) - "----- Receiving GET request from Uri: https://localhost:44320//  " "RequestLoggingMiddleware.cs" "InvokeAsync" 37 "ede26f33-90f5-4b2e-928e-4558893fd8de"]  
===========================================
[2023-03-19T14:26:40.943] INFOR - ([DevOpsWebApp.Logging.Logger][RequestLoggingMiddleware.cs:HandleResponse:89]) [(ede26f33-90f5-4b2e-928e-4558893fd8de) - "----- Response Elapsed time: 55 ms, Content Type: text/html; charset=utf-8 - Content Length: " "RequestLoggingMiddleware.cs" "HandleResponse" 89 "ede26f33-90f5-4b2e-928e-4558893fd8de"]  
===========================================
[2023-03-19T14:26:42.712] INFOR - ([DevOpsWebApp.Logging.Logger][RequestLoggingMiddleware.cs:InvokeAsync:37]) [(060b1c1e-6b6b-4b64-bd36-633e55c036e2) - "----- Receiving GET request from Uri: https://localhost:44320//Home/ToDo  " "RequestLoggingMiddleware.cs" "InvokeAsync" 37 "060b1c1e-6b6b-4b64-bd36-633e55c036e2"]  
===========================================
[2023-03-19T14:26:48.076] ERROR - ([Microsoft.EntityFrameworkCore.Database.Connection][::]) [() - An error occurred using the connection to database '"ToDo"' on server '"LPALXY0605\SQLEXPRESS"'.]  
===========================================
[2023-03-19T14:26:48.102] ERROR - ([Microsoft.EntityFrameworkCore.Database.Connection][::]) [() - An error occurred using the connection to database '"ToDo"' on server '"LPALXY0605\SQLEXPRESS"'.]  
===========================================
[2023-03-19T14:26:49.156] ERROR - ([Microsoft.EntityFrameworkCore.Database.Connection][::]) [() - An error occurred using the connection to database '"ToDo"' on server '"LPALXY0605\SQLEXPRESS"'.]  
===========================================
[2023-03-19T14:26:52.301] ERROR - ([Microsoft.EntityFrameworkCore.Database.Connection][::]) [() - An error occurred using the connection to database '"ToDo"' on server '"LPALXY0605\SQLEXPRESS"'.]  
===========================================
[2023-03-19T14:26:59.909] ERROR - ([Microsoft.EntityFrameworkCore.Database.Connection][::]) [() - An error occurred using the connection to database '"ToDo"' on server '"LPALXY0605\SQLEXPRESS"'.]  
===========================================
[2023-03-19T14:27:15.244] ERROR - ([Microsoft.EntityFrameworkCore.Database.Connection][::]) [() - An error occurred using the connection to database '"ToDo"' on server '"LPALXY0605\SQLEXPRESS"'.]  
===========================================
[2023-03-19T14:27:45.355] ERROR - ([Microsoft.EntityFrameworkCore.Database.Connection][::]) [() - An error occurred using the connection to database '"ToDo"' on server '"LPALXY0605\SQLEXPRESS"'.]  
===========================================
[2023-03-19T14:27:45.679] ERROR - ([Microsoft.EntityFrameworkCore.Query][::]) [() - An exception occurred while iterating over the results of a query for context type '"DevOpsWebApp.Data.AppDbContext"'."
""Microsoft.EntityFrameworkCore.Storage.RetryLimitExceededException: The maximum number of retries (6) was exceeded while executing database operations with 'SqlServerRetryingExecutionStrategy'. See the inner exception for the most recent failure.
 ---> Microsoft.Data.SqlClient.SqlException (0x80131904): Cannot open database \"ToDo\" requested by the login. The login failed.
Login failed for user 'EJADAALEX\anbadawy'.
   at Microsoft.Data.SqlClient.TdsParser.ThrowExceptionAndWarning(TdsParserStateObject stateObj, Boolean callerHasConnectionLock, Boolean asyncClose)
   at Microsoft.Data.SqlClient.TdsParser.TryRun(RunBehavior runBehavior, SqlCommand cmdHandler, SqlDataReader dataStream, BulkCopySimpleResultSet bulkCopyHandler, TdsParserStateObject stateObj, Boolean& dataReady)
   at Microsoft.Data.SqlClient.TdsParser.Run(RunBehavior runBehavior, SqlCommand cmdHandler, SqlDataReader dataStream, BulkCopySimpleResultSet bulkCopyHandler, TdsParserStateObject stateObj)
   at Microsoft.Data.SqlClient.SqlInternalConnectionTds.CompleteLogin(Boolean enlistOK)
   at Microsoft.Data.SqlClient.SqlInternalConnectionTds.AttemptOneLogin(ServerInfo serverInfo, String newPassword, SecureString newSecurePassword, Boolean ignoreSniOpenTimeout, TimeoutTimer timeout, Boolean withFailover)
   at Microsoft.Data.SqlClient.SqlInternalConnectionTds.LoginNoFailover(ServerInfo serverInfo, String newPassword, SecureString newSecurePassword, Boolean redirectedUserInstance, SqlConnectionString connectionOptions, SqlCredential credential, TimeoutTimer timeout)
   at Microsoft.Data.SqlClient.SqlInternalConnectionTds.OpenLoginEnlist(TimeoutTimer timeout, SqlConnectionString connectionOptions, SqlCredential credential, String newPassword, SecureString newSecurePassword, Boolean redirectedUserInstance)
   at Microsoft.Data.SqlClient.SqlInternalConnectionTds..ctor(DbConnectionPoolIdentity identity, SqlConnectionString connectionOptions, SqlCredential credential, Object providerInfo, String newPassword, SecureString newSecurePassword, Boolean redirectedUserInstance, SqlConnectionString userConnectionOptions, SessionData reconnectSessionData, Boolean applyTransientFaultHandling, String accessToken, DbConnectionPool pool)
   at Microsoft.Data.SqlClient.SqlConnectionFactory.CreateConnection(DbConnectionOptions options, DbConnectionPoolKey poolKey, Object poolGroupProviderInfo, DbConnectionPool pool, DbConnection owningConnection, DbConnectionOptions userOptions)
   at Microsoft.Data.ProviderBase.DbConnectionFactory.CreatePooledConnection(DbConnectionPool pool, DbConnection owningObject, DbConnectionOptions options, DbConnectionPoolKey poolKey, DbConnectionOptions userOptions)
   at Microsoft.Data.ProviderBase.DbConnectionPool.CreateObject(DbConnection owningObject, DbConnectionOptions userOptions, DbConnectionInternal oldConnection)
   at Microsoft.Data.ProviderBase.DbConnectionPool.UserCreateRequest(DbConnection owningObject, DbConnectionOptions userOptions, DbConnectionInternal oldConnection)
   at Microsoft.Data.ProviderBase.DbConnectionPool.TryGetConnection(DbConnection owningObject, UInt32 waitForMultipleObjectsTimeout, Boolean allowCreate, Boolean onlyOneCheckConnection, DbConnectionOptions userOptions, DbConnectionInternal& connection)
   at Microsoft.Data.ProviderBase.DbConnectionPool.WaitForPendingOpen()
--- End of stack trace from previous location ---
   at Microsoft.EntityFrameworkCore.Storage.RelationalConnection.OpenInternalAsync(Boolean errorsExpected, CancellationToken cancellationToken)
   at Microsoft.EntityFrameworkCore.Storage.RelationalConnection.OpenInternalAsync(Boolean errorsExpected, CancellationToken cancellationToken)
   at Microsoft.EntityFrameworkCore.Storage.RelationalConnection.OpenAsync(CancellationToken cancellationToken, Boolean errorsExpected)
   at Microsoft.EntityFrameworkCore.Storage.RelationalCommand.ExecuteReaderAsync(RelationalCommandParameterObject parameterObject, CancellationToken cancellationToken)
   at Microsoft.EntityFrameworkCore.Query.Internal.SingleQueryingEnumerable`1.AsyncEnumerator.InitializeReaderAsync(AsyncEnumerator enumerator, CancellationToken cancellationToken)
   at Microsoft.EntityFrameworkCore.Storage.ExecutionStrategy.<>c__DisplayClass30_0`2.<<ExecuteAsync>b__0>d.MoveNext()
--- End of stack trace from previous location ---
   at Microsoft.EntityFrameworkCore.Storage.ExecutionStrategy.ExecuteImplementationAsync[TState,TResult](Func`4 operation, Func`4 verifySucceeded, TState state, CancellationToken cancellationToken)
ClientConnectionId:c20478ab-9ee3-4d7c-99c2-2cd7e4fb8efb
Error Number:4060,State:1,Class:11
   --- End of inner exception stack trace ---
   at Microsoft.EntityFrameworkCore.Storage.ExecutionStrategy.ExecuteImplementationAsync[TState,TResult](Func`4 operation, Func`4 verifySucceeded, TState state, CancellationToken cancellationToken)
   at Microsoft.EntityFrameworkCore.Storage.ExecutionStrategy.ExecuteAsync[TState,TResult](TState state, Func`4 operation, Func`4 verifySucceeded, CancellationToken cancellationToken)
   at Microsoft.EntityFrameworkCore.Query.Internal.SingleQueryingEnumerable`1.AsyncEnumerator.MoveNextAsync()"] Microsoft.EntityFrameworkCore.Storage.RetryLimitExceededException: The maximum number of retries (6) was exceeded while executing database operations with 'SqlServerRetryingExecutionStrategy'. See the inner exception for the most recent failure.
 ---> Microsoft.Data.SqlClient.SqlException (0x80131904): Cannot open database "ToDo" requested by the login. The login failed.
Login failed for user 'EJADAALEX\anbadawy'.
   at Microsoft.Data.SqlClient.TdsParser.ThrowExceptionAndWarning(TdsParserStateObject stateObj, Boolean callerHasConnectionLock, Boolean asyncClose)
   at Microsoft.Data.SqlClient.TdsParser.TryRun(RunBehavior runBehavior, SqlCommand cmdHandler, SqlDataReader dataStream, BulkCopySimpleResultSet bulkCopyHandler, TdsParserStateObject stateObj, Boolean& dataReady)
   at Microsoft.Data.SqlClient.TdsParser.Run(RunBehavior runBehavior, SqlCommand cmdHandler, SqlDataReader dataStream, BulkCopySimpleResultSet bulkCopyHandler, TdsParserStateObject stateObj)
   at Microsoft.Data.SqlClient.SqlInternalConnectionTds.CompleteLogin(Boolean enlistOK)
   at Microsoft.Data.SqlClient.SqlInternalConnectionTds.AttemptOneLogin(ServerInfo serverInfo, String newPassword, SecureString newSecurePassword, Boolean ignoreSniOpenTimeout, TimeoutTimer timeout, Boolean withFailover)
   at Microsoft.Data.SqlClient.SqlInternalConnectionTds.LoginNoFailover(ServerInfo serverInfo, String newPassword, SecureString newSecurePassword, Boolean redirectedUserInstance, SqlConnectionString connectionOptions, SqlCredential credential, TimeoutTimer timeout)
   at Microsoft.Data.SqlClient.SqlInternalConnectionTds.OpenLoginEnlist(TimeoutTimer timeout, SqlConnectionString connectionOptions, SqlCredential credential, String newPassword, SecureString newSecurePassword, Boolean redirectedUserInstance)
   at Microsoft.Data.SqlClient.SqlInternalConnectionTds..ctor(DbConnectionPoolIdentity identity, SqlConnectionString connectionOptions, SqlCredential credential, Object providerInfo, String newPassword, SecureString newSecurePassword, Boolean redirectedUserInstance, SqlConnectionString userConnectionOptions, SessionData reconnectSessionData, Boolean applyTransientFaultHandling, String accessToken, DbConnectionPool pool)
   at Microsoft.Data.SqlClient.SqlConnectionFactory.CreateConnection(DbConnectionOptions options, DbConnectionPoolKey poolKey, Object poolGroupProviderInfo, DbConnectionPool pool, DbConnection owningConnection, DbConnectionOptions userOptions)
   at Microsoft.Data.ProviderBase.DbConnectionFactory.CreatePooledConnection(DbConnectionPool pool, DbConnection owningObject, DbConnectionOptions options, DbConnectionPoolKey poolKey, DbConnectionOptions userOptions)
   at Microsoft.Data.ProviderBase.DbConnectionPool.CreateObject(DbConnection owningObject, DbConnectionOptions userOptions, DbConnectionInternal oldConnection)
   at Microsoft.Data.ProviderBase.DbConnectionPool.UserCreateRequest(DbConnection owningObject, DbConnectionOptions userOptions, DbConnectionInternal oldConnection)
   at Microsoft.Data.ProviderBase.DbConnectionPool.TryGetConnection(DbConnection owningObject, UInt32 waitForMultipleObjectsTimeout, Boolean allowCreate, Boolean onlyOneCheckConnection, DbConnectionOptions userOptions, DbConnectionInternal& connection)
   at Microsoft.Data.ProviderBase.DbConnectionPool.WaitForPendingOpen()
--- End of stack trace from previous location ---
   at Microsoft.EntityFrameworkCore.Storage.RelationalConnection.OpenInternalAsync(Boolean errorsExpected, CancellationToken cancellationToken)
   at Microsoft.EntityFrameworkCore.Storage.RelationalConnection.OpenInternalAsync(Boolean errorsExpected, CancellationToken cancellationToken)
   at Microsoft.EntityFrameworkCore.Storage.RelationalConnection.OpenAsync(CancellationToken cancellationToken, Boolean errorsExpected)
   at Microsoft.EntityFrameworkCore.Storage.RelationalCommand.ExecuteReaderAsync(RelationalCommandParameterObject parameterObject, CancellationToken cancellationToken)
   at Microsoft.EntityFrameworkCore.Query.Internal.SingleQueryingEnumerable`1.AsyncEnumerator.InitializeReaderAsync(AsyncEnumerator enumerator, CancellationToken cancellationToken)
   at Microsoft.EntityFrameworkCore.Storage.ExecutionStrategy.<>c__DisplayClass30_0`2.<<ExecuteAsync>b__0>d.MoveNext()
--- End of stack trace from previous location ---
   at Microsoft.EntityFrameworkCore.Storage.ExecutionStrategy.ExecuteImplementationAsync[TState,TResult](Func`4 operation, Func`4 verifySucceeded, TState state, CancellationToken cancellationToken)
ClientConnectionId:c20478ab-9ee3-4d7c-99c2-2cd7e4fb8efb
Error Number:4060,State:1,Class:11
   --- End of inner exception stack trace ---
   at Microsoft.EntityFrameworkCore.Storage.ExecutionStrategy.ExecuteImplementationAsync[TState,TResult](Func`4 operation, Func`4 verifySucceeded, TState state, CancellationToken cancellationToken)
   at Microsoft.EntityFrameworkCore.Storage.ExecutionStrategy.ExecuteAsync[TState,TResult](TState state, Func`4 operation, Func`4 verifySucceeded, CancellationToken cancellationToken)
   at Microsoft.EntityFrameworkCore.Query.Internal.SingleQueryingEnumerable`1.AsyncEnumerator.MoveNextAsync()
 
===========================================
[2023-03-19T14:27:45.999] ERROR - ([Microsoft.AspNetCore.Diagnostics.ExceptionHandlerMiddleware][::]) [() - An unhandled exception has occurred while executing the request.] Microsoft.EntityFrameworkCore.Storage.RetryLimitExceededException: The maximum number of retries (6) was exceeded while executing database operations with 'SqlServerRetryingExecutionStrategy'. See the inner exception for the most recent failure.
 ---> Microsoft.Data.SqlClient.SqlException (0x80131904): Cannot open database "ToDo" requested by the login. The login failed.
Login failed for user 'EJADAALEX\anbadawy'.
   at Microsoft.Data.SqlClient.TdsParser.ThrowExceptionAndWarning(TdsParserStateObject stateObj, Boolean callerHasConnectionLock, Boolean asyncClose)
   at Microsoft.Data.SqlClient.TdsParser.TryRun(RunBehavior runBehavior, SqlCommand cmdHandler, SqlDataReader dataStream, BulkCopySimpleResultSet bulkCopyHandler, TdsParserStateObject stateObj, Boolean& dataReady)
   at Microsoft.Data.SqlClient.TdsParser.Run(RunBehavior runBehavior, SqlCommand cmdHandler, SqlDataReader dataStream, BulkCopySimpleResultSet bulkCopyHandler, TdsParserStateObject stateObj)
   at Microsoft.Data.SqlClient.SqlInternalConnectionTds.CompleteLogin(Boolean enlistOK)
   at Microsoft.Data.SqlClient.SqlInternalConnectionTds.AttemptOneLogin(ServerInfo serverInfo, String newPassword, SecureString newSecurePassword, Boolean ignoreSniOpenTimeout, TimeoutTimer timeout, Boolean withFailover)
   at Microsoft.Data.SqlClient.SqlInternalConnectionTds.LoginNoFailover(ServerInfo serverInfo, String newPassword, SecureString newSecurePassword, Boolean redirectedUserInstance, SqlConnectionString connectionOptions, SqlCredential credential, TimeoutTimer timeout)
   at Microsoft.Data.SqlClient.SqlInternalConnectionTds.OpenLoginEnlist(TimeoutTimer timeout, SqlConnectionString connectionOptions, SqlCredential credential, String newPassword, SecureString newSecurePassword, Boolean redirectedUserInstance)
   at Microsoft.Data.SqlClient.SqlInternalConnectionTds..ctor(DbConnectionPoolIdentity identity, SqlConnectionString connectionOptions, SqlCredential credential, Object providerInfo, String newPassword, SecureString newSecurePassword, Boolean redirectedUserInstance, SqlConnectionString userConnectionOptions, SessionData reconnectSessionData, Boolean applyTransientFaultHandling, String accessToken, DbConnectionPool pool)
   at Microsoft.Data.SqlClient.SqlConnectionFactory.CreateConnection(DbConnectionOptions options, DbConnectionPoolKey poolKey, Object poolGroupProviderInfo, DbConnectionPool pool, DbConnection owningConnection, DbConnectionOptions userOptions)
   at Microsoft.Data.ProviderBase.DbConnectionFactory.CreatePooledConnection(DbConnectionPool pool, DbConnection owningObject, DbConnectionOptions options, DbConnectionPoolKey poolKey, DbConnectionOptions userOptions)
   at Microsoft.Data.ProviderBase.DbConnectionPool.CreateObject(DbConnection owningObject, DbConnectionOptions userOptions, DbConnectionInternal oldConnection)
   at Microsoft.Data.ProviderBase.DbConnectionPool.UserCreateRequest(DbConnection owningObject, DbConnectionOptions userOptions, DbConnectionInternal oldConnection)
   at Microsoft.Data.ProviderBase.DbConnectionPool.TryGetConnection(DbConnection owningObject, UInt32 waitForMultipleObjectsTimeout, Boolean allowCreate, Boolean onlyOneCheckConnection, DbConnectionOptions userOptions, DbConnectionInternal& connection)
   at Microsoft.Data.ProviderBase.DbConnectionPool.WaitForPendingOpen()
--- End of stack trace from previous location ---
   at Microsoft.EntityFrameworkCore.Storage.RelationalConnection.OpenInternalAsync(Boolean errorsExpected, CancellationToken cancellationToken)
   at Microsoft.EntityFrameworkCore.Storage.RelationalConnection.OpenInternalAsync(Boolean errorsExpected, CancellationToken cancellationToken)
   at Microsoft.EntityFrameworkCore.Storage.RelationalConnection.OpenAsync(CancellationToken cancellationToken, Boolean errorsExpected)
   at Microsoft.EntityFrameworkCore.Storage.RelationalCommand.ExecuteReaderAsync(RelationalCommandParameterObject parameterObject, CancellationToken cancellationToken)
   at Microsoft.EntityFrameworkCore.Query.Internal.SingleQueryingEnumerable`1.AsyncEnumerator.InitializeReaderAsync(AsyncEnumerator enumerator, CancellationToken cancellationToken)
   at Microsoft.EntityFrameworkCore.Storage.ExecutionStrategy.<>c__DisplayClass30_0`2.<<ExecuteAsync>b__0>d.MoveNext()
--- End of stack trace from previous location ---
   at Microsoft.EntityFrameworkCore.Storage.ExecutionStrategy.ExecuteImplementationAsync[TState,TResult](Func`4 operation, Func`4 verifySucceeded, TState state, CancellationToken cancellationToken)
ClientConnectionId:c20478ab-9ee3-4d7c-99c2-2cd7e4fb8efb
Error Number:4060,State:1,Class:11
   --- End of inner exception stack trace ---
   at Microsoft.EntityFrameworkCore.Storage.ExecutionStrategy.ExecuteImplementationAsync[TState,TResult](Func`4 operation, Func`4 verifySucceeded, TState state, CancellationToken cancellationToken)
   at Microsoft.EntityFrameworkCore.Storage.ExecutionStrategy.ExecuteAsync[TState,TResult](TState state, Func`4 operation, Func`4 verifySucceeded, CancellationToken cancellationToken)
   at Microsoft.EntityFrameworkCore.Query.Internal.SingleQueryingEnumerable`1.AsyncEnumerator.MoveNextAsync()
   at Microsoft.EntityFrameworkCore.EntityFrameworkQueryableExtensions.ToListAsync[TSource](IQueryable`1 source, CancellationToken cancellationToken)
   at Microsoft.EntityFrameworkCore.EntityFrameworkQueryableExtensions.ToListAsync[TSource](IQueryable`1 source, CancellationToken cancellationToken)
   at DevOpsWebApp.Controllers.HomeController.ToDo() in D:\MAUI project\SimpleWebSite\Controllers\HomeController.cs:line 32
   at lambda_method27(Closure , Object )
   at Microsoft.AspNetCore.Mvc.Infrastructure.ActionMethodExecutor.TaskOfActionResultExecutor.Execute(IActionResultTypeMapper mapper, ObjectMethodExecutor executor, Object controller, Object[] arguments)
   at Microsoft.AspNetCore.Mvc.Infrastructure.ControllerActionInvoker.<InvokeActionMethodAsync>g__Logged|12_1(ControllerActionInvoker invoker)
   at Microsoft.AspNetCore.Mvc.Infrastructure.ControllerActionInvoker.<InvokeNextActionFilterAsync>g__Awaited|10_0(ControllerActionInvoker invoker, Task lastTask, State next, Scope scope, Object state, Boolean isCompleted)
   at Microsoft.AspNetCore.Mvc.Infrastructure.ControllerActionInvoker.Rethrow(ActionExecutedContextSealed context)
   at Microsoft.AspNetCore.Mvc.Infrastructure.ControllerActionInvoker.Next(State& next, Scope& scope, Object& state, Boolean& isCompleted)
   at Microsoft.AspNetCore.Mvc.Infrastructure.ControllerActionInvoker.<InvokeInnerFilterAsync>g__Awaited|13_0(ControllerActionInvoker invoker, Task lastTask, State next, Scope scope, Object state, Boolean isCompleted)
   at Microsoft.AspNetCore.Mvc.Infrastructure.ResourceInvoker.<InvokeNextResourceFilter>g__Awaited|25_0(ResourceInvoker invoker, Task lastTask, State next, Scope scope, Object state, Boolean isCompleted)
   at Microsoft.AspNetCore.Mvc.Infrastructure.ResourceInvoker.Rethrow(ResourceExecutedContextSealed context)
   at Microsoft.AspNetCore.Mvc.Infrastructure.ResourceInvoker.Next(State& next, Scope& scope, Object& state, Boolean& isCompleted)
   at Microsoft.AspNetCore.Mvc.Infrastructure.ResourceInvoker.<InvokeFilterPipelineAsync>g__Awaited|20_0(ResourceInvoker invoker, Task lastTask, State next, Scope scope, Object state, Boolean isCompleted)
   at Microsoft.AspNetCore.Mvc.Infrastructure.ResourceInvoker.<InvokeAsync>g__Logged|17_1(ResourceInvoker invoker)
   at Microsoft.AspNetCore.Mvc.Infrastructure.ResourceInvoker.<InvokeAsync>g__Logged|17_1(ResourceInvoker invoker)
   at Microsoft.AspNetCore.Routing.EndpointMiddleware.<Invoke>g__AwaitRequestTask|6_0(Endpoint endpoint, Task requestTask, ILogger logger)
   at Microsoft.AspNetCore.Diagnostics.ExceptionHandlerMiddleware.<Invoke>g__Awaited|6_0(ExceptionHandlerMiddleware middleware, HttpContext context, Task task)
 
===========================================
[2023-03-19T14:27:46.027] INFOR - ([DevOpsWebApp.Logging.Logger][RequestLoggingMiddleware.cs:HandleResponse:89]) [(060b1c1e-6b6b-4b64-bd36-633e55c036e2) - "----- Response Elapsed time: 63316 ms, Content Type:  - Content Length: " "RequestLoggingMiddleware.cs" "HandleResponse" 89 "060b1c1e-6b6b-4b64-bd36-633e55c036e2"]  
===========================================
[2023-03-19T14:31:19.918] INFOR - ([DevOpsWebApp.Logging.Logger][RequestLoggingMiddleware.cs:InvokeAsync:37]) [(5d0b3979-0b16-432f-8220-f9e9477d8e16) - "----- Receiving GET request from Uri: https://localhost:44320//  " "RequestLoggingMiddleware.cs" "InvokeAsync" 37 "5d0b3979-0b16-432f-8220-f9e9477d8e16"]  
===========================================
[2023-03-19T14:31:20.821] INFOR - ([DevOpsWebApp.Logging.Logger][RequestLoggingMiddleware.cs:HandleResponse:89]) [(5d0b3979-0b16-432f-8220-f9e9477d8e16) - "----- Response Elapsed time: 917 ms, Content Type: text/html; charset=utf-8 - Content Length: " "RequestLoggingMiddleware.cs" "HandleResponse" 89 "5d0b3979-0b16-432f-8220-f9e9477d8e16"]  
===========================================
[2023-03-19T14:31:41.200] INFOR - ([DevOpsWebApp.Logging.Logger][RequestLoggingMiddleware.cs:InvokeAsync:37]) [(898b79b6-6df9-46e1-bc0f-9a27b1ec546c) - "----- Receiving GET request from Uri: https://localhost:44320//Home/ToDo  " "RequestLoggingMiddleware.cs" "InvokeAsync" 37 "898b79b6-6df9-46e1-bc0f-9a27b1ec546c"]  
===========================================
[2023-03-19T14:31:44.937] INFOR - ([DevOpsWebApp.Logging.Logger][RequestLoggingMiddleware.cs:HandleResponse:89]) [(898b79b6-6df9-46e1-bc0f-9a27b1ec546c) - "----- Response Elapsed time: 3737 ms, Content Type: text/html; charset=utf-8 - Content Length: " "RequestLoggingMiddleware.cs" "HandleResponse" 89 "898b79b6-6df9-46e1-bc0f-9a27b1ec546c"]  
===========================================
[2023-03-19T14:31:45.045] INFOR - ([DevOpsWebApp.Logging.Logger][RequestLoggingMiddleware.cs:InvokeAsync:37]) [(3460bf60-add8-4822-ae61-174d6f788166) - "----- Receiving GET request from Uri: https://localhost:44320//Scripts/jquery-1.10.2.min.js  " "RequestLoggingMiddleware.cs" "InvokeAsync" 37 "3460bf60-add8-4822-ae61-174d6f788166"]  
===========================================
[2023-03-19T14:31:45.046] INFOR - ([DevOpsWebApp.Logging.Logger][RequestLoggingMiddleware.cs:HandleResponse:89]) [(3460bf60-add8-4822-ae61-174d6f788166) - "----- Response Elapsed time: 0 ms, Content Type:  - Content Length: " "RequestLoggingMiddleware.cs" "HandleResponse" 89 "3460bf60-add8-4822-ae61-174d6f788166"]  
===========================================